(---------------------------------------------------------------------)
(                                                                     )
(    Allegro Netrev Import Logic                                      )
(                                                                     )
(    Drawing          : MASINUTA_WI-FI.brd                            )
(    Software Version : 16.6-2015S059                                 )
(    Date/Time        : Tue Apr 18 22:18:05 2023                      )
(                                                                     )
(---------------------------------------------------------------------)


------ Directives ------------

Ripup etch:                  No
Ripup delete first segment:  No
Ripup retain bondwire:       No
Ripup symbols:               Always
Missing symbol has error:    No
DRC update:                  Yes
Schematic directory:         'D:\PROIECTE ORCAD\MASINUTA_WI-FI\allegro'
Design Directory:            '.'
Old design name:             'D:/PROIECTE ORCAD/MASINUTA_WI-FI/allegro/MASINUTA_WI-FI.brd'
New design name:             'D:/PROIECTE ORCAD/MASINUTA_WI-FI/allegro/MASINUTA_WI-FI.brd'

CmdLine: netrev.exe -y 1 -n -i D:\PROIECTE ORCAD\MASINUTA_WI-FI\allegro D:\PROIECTE ORCAD\MASINUTA_WI-FI\allegro\MASINUTA_WI-FI.brd D:\PROIECTE ORCAD\MASINUTA_WI-FI\allegro\MASINUTA_WI-FI.brd

------ Preparing to read pst files ------

Starting to read D:/PROIECTE ORCAD/MASINUTA_WI-FI/allegro/pstchip.dat 
   Finished reading D:/PROIECTE ORCAD/MASINUTA_WI-FI/allegro/pstchip.dat (00:00:00.04)
Starting to read D:/PROIECTE ORCAD/MASINUTA_WI-FI/allegro/pstxprt.dat 
   Finished reading D:/PROIECTE ORCAD/MASINUTA_WI-FI/allegro/pstxprt.dat (00:00:00.00)
Starting to read D:/PROIECTE ORCAD/MASINUTA_WI-FI/allegro/pstxnet.dat 
   Finished reading D:/PROIECTE ORCAD/MASINUTA_WI-FI/allegro/pstxnet.dat (00:00:00.01)

------ Oversights/Warnings/Errors ------


------ Library Paths ------
MODULEPATH =  . 
           C:/OrCAD/OrCAD_16.6_Lite/share/local/pcb/modules 

PSMPATH =  . 
           symbols 
           .. 
           ../symbols 
           C:/OrCAD/OrCAD_16.6_Lite/share/local/pcb/symbols 
           C:/OrCAD/OrCAD_16.6_Lite/share/pcb/pcb_lib/symbols 
           C:/OrCAD/OrCAD_16.6_Lite/share/pcb/allegrolib/symbols 

PADPATH =  . 
           symbols 
           .. 
           ../symbols 
           C:/OrCAD/OrCAD_16.6_Lite/share/local/pcb/padstacks 
           C:/OrCAD/OrCAD_16.6_Lite/share/pcb/pcb_lib/symbols 
           C:/OrCAD/OrCAD_16.6_Lite/share/pcb/allegrolib/symbols 


------ Summary Statistics ------


netrev run on Apr 18 22:18:05 2023
   DESIGN NAME : 'MASINUTA_WI-FI'
   PACKAGING ON Aug  3 2015 18:16:55

   COMPILE 'logic'
   CHECK_PIN_NAMES OFF
   CROSS_REFERENCE OFF
   FEEDBACK OFF
   INCREMENTAL OFF
   INTERFACE_TYPE PHYSICAL
   MAX_ERRORS 500
   MERGE_MINIMUM 5
   NET_NAME_CHARS '#%&()*+-./:=>?@[]^_`|'
   NET_NAME_LENGTH 24
   OVERSIGHTS ON
   REPLACE_CHECK OFF
   SINGLE_NODE_NETS ON
   SPLIT_MINIMUM 0
   SUPPRESS   20
   WARNINGS ON

 No error detected
 No oversight detected
 No warning detected

cpu time      0:01:06
elapsed time  0:00:01

