(---------------------------------------------------------------------)
(                                                                     )
(    ARTWORK LOG                                                      )
(                                                                     )
(    Drawing          : MASINUTA_WI-FI.brd                            )
(    Software Version : 16.6-2015S059                                 )
(    Date/Time        : Sat May 20 14:57:47 2023                      )
(                                                                     )
(---------------------------------------------------------------------)


 ---- Photoplot outline rectangle not found; using drawing extents.



Results from parameter file ...
    DEVICE-TYPE           GERBER_RS274X
    OUTPUT-UNITS          INCHES
    FILM-SIZE             2400000 1600000
    FORMAT                2.5
    ABORT-ON-ERROR        NO
    SCALE                 1
    SUPPRESS-LEAD-ZEROES  YES
    SUPPRESS-TRAIL-ZEROES NO
    SUPPRESS-EQUAL        YES
    UNDEF-APT-CONT        NO



================================================================
     PROCESSING FILM < TOP >
     TO FILE < C:/Masinuta_Wi-Fi/allegro/TOP.art > ...
================================================================

  FILM PARAMETERS :
  ---------------------------------------------------------
  Undefined line width                10.00
  Mirror code                         NONE
  Rotate angle                        NONE
  Offset x:                           0.00
  Offset y:                           0.00
  Plot negative                       NO
  Suppress unconnected internal pads  NO
  Draw holes only                     NO



  APERTURES USED:
  ---------------------------------------------------------
  TYPE       SIZE/NAME                   ROT   MIRROR MODE 
  ---------------------------------------------------------
  CIRCLE     0.02000                                  DARK 
  CIRCLE     0.02400                                  DARK 
  CIRCLE     0.04000                                  DARK 
  CIRCLE     0.06000                                  DARK 
  CIRCLE     0.07000                                  DARK 
  CIRCLE     0.07500                                  DARK 
  CIRCLE     0.11024                                  DARK 
  CIRCLE     0.16000                                  DARK 
  SQUARE     0.05000                     0.000 NO     DARK 
  SQUARE     0.06000                     0.000 NO     DARK 
  SQUARE     0.07000                     0.000 NO     DARK 
  SQUARE     0.07500                     0.000 NO     DARK 

     TOP created.


================================================================
     PROCESSING FILM < BOTTOM >
     TO FILE < C:/Masinuta_Wi-Fi/allegro/BOTTOM.art > ...
================================================================

  FILM PARAMETERS :
  ---------------------------------------------------------
  Undefined line width                10.00
  Mirror code                         NONE
  Rotate angle                        NONE
  Offset x:                           0.00
  Offset y:                           0.00
  Plot negative                       NO
  Suppress unconnected internal pads  NO
  Draw holes only                     NO



  APERTURES USED:
  ---------------------------------------------------------
  TYPE       SIZE/NAME                   ROT   MIRROR MODE 
  ---------------------------------------------------------
  CIRCLE     0.02000                                  DARK 
  CIRCLE     0.02400                                  DARK 
  CIRCLE     0.04000                                  DARK 
  CIRCLE     0.06000                                  DARK 
  CIRCLE     0.07000                                  DARK 
  CIRCLE     0.07500                                  DARK 
  CIRCLE     0.11024                                  DARK 
  CIRCLE     0.16000                                  DARK 
  SQUARE     0.06000                     0.000 NO     DARK 
  SQUARE     0.07000                     0.000 NO     DARK 
  SQUARE     0.07500                     0.000 NO     DARK 

     BOTTOM created.


================================================================
     PROCESSING FILM < SILKSCREEN_TOP >
     TO FILE < C:/Masinuta_Wi-Fi/allegro/SILKSCREEN_TOP.art > ...
================================================================

  FILM PARAMETERS :
  ---------------------------------------------------------
  Undefined line width                10.00
  Mirror code                         NONE
  Rotate angle                        NONE
  Offset x:                           0.00
  Offset y:                           0.00
  Plot negative                       NO
  Suppress unconnected internal pads  NO
  Draw holes only                     NO

    WARNING: text composed 0 width line found at (260.00 1900.00)
           ... using undefined line width of 10.00

    WARNING: text having Multiple 0 width lines; all will be treated the same as the first.
           ... using undefined line width of 10.00

    WARNING: 0 width line found at (170.00 4360.00)
           ... using undefined line width of 10.00

    WARNING: Multiple 0 width lines; all will be treated the same as the first.
           ... using undefined line width of 10.00



  APERTURES USED:
  ---------------------------------------------------------
  TYPE       SIZE/NAME                   ROT   MIRROR MODE 
  ---------------------------------------------------------
  CIRCLE     0.00500                                  DARK 
  CIRCLE     0.00600                                  DARK 
  CIRCLE     0.00787                                  DARK 
  CIRCLE     0.00800                                  DARK 
  CIRCLE     0.01000                                  DARK 

     SILKSCREEN_TOP created with warnings


================================================================
     PROCESSING FILM < SOLDERMASK_TOP >
     TO FILE < C:/Masinuta_Wi-Fi/allegro/SOLDERMASK_TOP.art > ...
================================================================

  FILM PARAMETERS :
  ---------------------------------------------------------
  Undefined line width                10.00
  Mirror code                         NONE
  Rotate angle                        NONE
  Offset x:                           0.00
  Offset y:                           0.00
  Plot negative                       NO
  Suppress unconnected internal pads  NO
  Draw holes only                     NO



  APERTURES USED:
  ---------------------------------------------------------
  TYPE       SIZE/NAME                   ROT   MIRROR MODE 
  ---------------------------------------------------------
  CIRCLE     0.04400                                  DARK 
  CIRCLE     0.07500                                  DARK 
  CIRCLE     0.08500                                  DARK 
  CIRCLE     0.09000                                  DARK 
  CIRCLE     0.11024                                  DARK 
  CIRCLE     0.17000                                  DARK 
  SQUARE     0.06000                     0.000 NO     DARK 
  SQUARE     0.07500                     0.000 NO     DARK 
  SQUARE     0.08500                     0.000 NO     DARK 
  SQUARE     0.09000                     0.000 NO     DARK 

     SOLDERMASK_TOP created.


================================================================
     PROCESSING FILM < SOLDERMASK_BOTTOM >
     TO FILE < C:/Masinuta_Wi-Fi/allegro/SOLDERMASK_BOTTOM.art > ...
================================================================

  FILM PARAMETERS :
  ---------------------------------------------------------
  Undefined line width                10.00
  Mirror code                         NONE
  Rotate angle                        NONE
  Offset x:                           0.00
  Offset y:                           0.00
  Plot negative                       NO
  Suppress unconnected internal pads  NO
  Draw holes only                     NO



  APERTURES USED:
  ---------------------------------------------------------
  TYPE       SIZE/NAME                   ROT   MIRROR MODE 
  ---------------------------------------------------------
  CIRCLE     0.04400                                  DARK 
  CIRCLE     0.07500                                  DARK 
  CIRCLE     0.08500                                  DARK 
  CIRCLE     0.09000                                  DARK 
  CIRCLE     0.11024                                  DARK 
  CIRCLE     0.17000                                  DARK 
  SQUARE     0.07500                     0.000 NO     DARK 
  SQUARE     0.08500                     0.000 NO     DARK 
  SQUARE     0.09000                     0.000 NO     DARK 

     SOLDERMASK_BOTTOM created.


================================================================
     PROCESSING FILM < PASTEMASK_TOP >
     TO FILE < C:/Masinuta_Wi-Fi/allegro/PASTEMASK_TOP.art > ...
================================================================

  FILM PARAMETERS :
  ---------------------------------------------------------
  Undefined line width                10.00
  Mirror code                         NONE
  Rotate angle                        NONE
  Offset x:                           0.00
  Offset y:                           0.00
  Plot negative                       NO
  Suppress unconnected internal pads  NO
  Draw holes only                     NO



  APERTURES USED:
  ---------------------------------------------------------
  TYPE       SIZE/NAME                   ROT   MIRROR MODE 
  ---------------------------------------------------------
  SQUARE     0.04000                     0.000 NO     DARK 

     PASTEMASK_TOP created.


================================================================
     PROCESSING FILM < OUTLINE >
     TO FILE < C:/Masinuta_Wi-Fi/allegro/OUTLINE.art > ...
================================================================

  FILM PARAMETERS :
  ---------------------------------------------------------
  Undefined line width                10.00
  Mirror code                         NONE
  Rotate angle                        NONE
  Offset x:                           0.00
  Offset y:                           0.00
  Plot negative                       NO
  Suppress unconnected internal pads  NO
  Draw holes only                     NO



  APERTURES USED:
  ---------------------------------------------------------
  TYPE       SIZE/NAME                   ROT   MIRROR MODE 
  ---------------------------------------------------------
  CIRCLE     0.01000                                  DARK 

     OUTLINE created.


================================================================
     PROCESSING FILM < MECANIC >
     TO FILE < C:/Masinuta_Wi-Fi/allegro/MECANIC.art > ...
================================================================

  FILM PARAMETERS :
  ---------------------------------------------------------
  Undefined line width                10.00
  Mirror code                         NONE
  Rotate angle                        NONE
  Offset x:                           0.00
  Offset y:                           0.00
  Plot negative                       NO
  Suppress unconnected internal pads  NO
  Draw holes only                     NO



  APERTURES USED:
  ---------------------------------------------------------
  TYPE       SIZE/NAME                   ROT   MIRROR MODE 
  ---------------------------------------------------------
  CIRCLE     0.01000                                  DARK 

     MECANIC created.


------------------------------------------------------
 SUMMARY:
        TOP created.
        BOTTOM created.
        SILKSCREEN_TOP created with warnings
        SOLDERMASK_TOP created.
        SOLDERMASK_BOTTOM created.
        PASTEMASK_TOP created.
        OUTLINE created.
        MECANIC created.

 ARTWORK had warnings
